0 info it worked if it ends with ok
1 verbose cli [ '/usr/local/bin/node', '/usr/local/bin/npm', 'run', 'dev' ]
2 info using npm@4.0.2
3 info using node@v7.2.0
4 verbose run-script [ 'predev', 'dev', 'postdev' ]
5 info lifecycle laravel-vuejs-admin-panel@0.1.12~predev: laravel-vuejs-admin-panel@0.1.12
6 silly lifecycle laravel-vuejs-admin-panel@0.1.12~predev: no script for predev, continuing
7 info lifecycle laravel-vuejs-admin-panel@0.1.12~dev: laravel-vuejs-admin-panel@0.1.12
8 verbose lifecycle laravel-vuejs-admin-panel@0.1.12~dev: unsafe-perm in lifecycle true
9 verbose lifecycle laravel-vuejs-admin-panel@0.1.12~dev: PATH: /usr/local/lib/node_modules/npm/bin/node-gyp-bin:/var/www/projects/dev.clubedaaposta.com.br/node_modules/.bin:/home/iqueda/bin:/home/iqueda/.local/bin:/home/iqueda/bin:/home/iqueda/.local/bin:/usr/local/sbin:/usr/local/bin:/usr/sbin:/usr/bin:/sbin:/bin:/usr/games:/usr/local/games:/snap/bin:/snap/bin
10 verbose lifecycle laravel-vuejs-admin-panel@0.1.12~dev: CWD: /var/www/projects/dev.clubedaaposta.com.br
11 silly lifecycle laravel-vuejs-admin-panel@0.1.12~dev: Args: [ '-c',
11 silly lifecycle   'cross-env NODE_ENV=development node resources/vue-admin/build/dev-server.js' ]
12 silly lifecycle laravel-vuejs-admin-panel@0.1.12~dev: Returned: code: 1  signal: null
13 info lifecycle laravel-vuejs-admin-panel@0.1.12~dev: Failed to exec dev script
14 verbose stack Error: laravel-vuejs-admin-panel@0.1.12 dev: `cross-env NODE_ENV=development node resources/vue-admin/build/dev-server.js`
14 verbose stack Exit status 1
14 verbose stack     at EventEmitter.<anonymous> (/usr/local/lib/node_modules/npm/lib/utils/lifecycle.js:279:16)
14 verbose stack     at emitTwo (events.js:106:13)
14 verbose stack     at EventEmitter.emit (events.js:191:7)
14 verbose stack     at ChildProcess.<anonymous> (/usr/local/lib/node_modules/npm/lib/utils/spawn.js:40:14)
14 verbose stack     at emitTwo (events.js:106:13)
14 verbose stack     at ChildProcess.emit (events.js:191:7)
14 verbose stack     at maybeClose (internal/child_process.js:885:16)
14 verbose stack     at Process.ChildProcess._handle.onexit (internal/child_process.js:226:5)
15 verbose pkgid laravel-vuejs-admin-panel@0.1.12
16 verbose cwd /var/www/projects/dev.clubedaaposta.com.br
17 error Linux 4.4.0-72-generic
18 error argv "/usr/local/bin/node" "/usr/local/bin/npm" "run" "dev"
19 error node v7.2.0
20 error npm  v4.0.2
21 error code ELIFECYCLE
22 error laravel-vuejs-admin-panel@0.1.12 dev: `cross-env NODE_ENV=development node resources/vue-admin/build/dev-server.js`
22 error Exit status 1
23 error Failed at the laravel-vuejs-admin-panel@0.1.12 dev script 'cross-env NODE_ENV=development node resources/vue-admin/build/dev-server.js'.
23 error Make sure you have the latest version of node.js and npm installed.
23 error If you do, this is most likely a problem with the laravel-vuejs-admin-panel package,
23 error not with npm itself.
23 error Tell the author that this fails on your system:
23 error     cross-env NODE_ENV=development node resources/vue-admin/build/dev-server.js
23 error You can get information on how to open an issue for this project with:
23 error     npm bugs laravel-vuejs-admin-panel
23 error Or if that isn't available, you can get their info via:
23 error     npm owner ls laravel-vuejs-admin-panel
23 error There is likely additional logging output above.
24 verbose exit [ 1, true ]
